2024-05-22T06:57:17.706Z [info]: Token generated successfully:
2024-05-22T09:58:11.113Z [info]: Token generated successfully:
2024-05-22T09:58:11.807Z [info]: New booking created successfully, Booking ID:
2024-05-22T09:58:12.199Z [info]: New booking created successfully, Booking ID:
2024-05-22T09:58:13.325Z [info]: Booking IDs response body:
2024-05-22T09:58:13.509Z [info]: Booking IDs response body:
2024-05-22T09:58:14.555Z [info]: Booking data fetched successfully for Booking ID:
2024-05-22T09:58:14.604Z [info]: Booking data fetched successfully for Booking ID:
2024-05-22T09:58:15.585Z [info]: Booking data updated successfully for Booking ID:
2024-05-22T09:58:16.640Z [info]: Booking data partially updated successfully for Booking ID:
2024-05-22T09:58:17.675Z [info]: Booking data deleted successfully for Booking ID:
2024-05-22T10:34:40.623Z [info]: Token generated successfully:
2024-05-22T10:34:41.352Z [info]: New booking created successfully, Booking ID:
2024-05-22T10:34:41.709Z [info]: New booking created successfully, Booking ID:
2024-05-22T10:34:42.591Z [info]: Booking IDs response body:
2024-05-22T10:34:43.015Z [info]: Booking IDs response body:
2024-05-22T10:34:43.836Z [info]: Booking data fetched successfully for Booking ID:
2024-05-22T10:34:44.061Z [info]: Booking data fetched successfully for Booking ID:
2024-05-22T10:34:45.079Z [info]: Booking data updated successfully for Booking ID:
2024-05-22T10:34:46.158Z [info]: Booking data partially updated successfully for Booking ID:
2024-05-22T10:34:47.256Z [info]: Booking data deleted successfully for Booking ID:
2024-05-22T10:36:29.047Z [info]: Token generated successfully:
2024-05-22T10:36:29.809Z [info]: New booking created successfully, Booking ID:
2024-05-22T10:36:30.159Z [info]: New booking created successfully, Booking ID:
2024-05-22T10:36:31.420Z [info]: Booking IDs response body:
2024-05-22T10:36:31.475Z [info]: Booking IDs response body:
2024-05-22T10:36:32.503Z [info]: Booking data fetched successfully for Booking ID:
2024-05-22T10:36:32.679Z [info]: Booking data fetched successfully for Booking ID:
2024-05-22T10:36:33.541Z [info]: Booking data updated successfully for Booking ID:
2024-05-22T10:36:34.569Z [info]: Booking data partially updated successfully for Booking ID:
2024-05-22T10:36:35.604Z [info]: Booking data deleted successfully for Booking ID:
2024-05-22T10:42:09.111Z [info]: Token generated successfully:
2024-05-22T10:42:09.803Z [info]: New booking created successfully, Booking ID:
2024-05-22T10:42:10.143Z [info]: New booking created successfully, Booking ID:
2024-05-22T10:42:11.064Z [info]: Booking IDs response body:
2024-05-22T10:42:11.198Z [info]: Booking IDs response body:
2024-05-22T10:42:12.261Z [info]: Booking data fetched successfully for Booking ID:
2024-05-22T10:42:12.322Z [info]: Booking data fetched successfully for Booking ID:
2024-05-22T10:42:13.305Z [info]: Booking data updated successfully for Booking ID:
2024-05-22T10:42:14.491Z [info]: Booking data partially updated successfully for Booking ID:
2024-05-22T10:42:15.474Z [info]: Booking data deleted successfully for Booking ID:
2024-05-22T11:58:20.461Z [info]: Token generated successfully:
2024-05-22T11:58:21.224Z [info]: New booking created successfully, Booking ID:
2024-05-22T11:58:21.526Z [info]: New booking created successfully, Booking ID:
2024-05-22T11:58:22.761Z [info]: Booking IDs response body:
2024-05-22T11:58:22.884Z [info]: Booking IDs response body:
2024-05-22T11:58:23.950Z [info]: Booking data fetched successfully for Booking ID:
2024-05-22T11:58:24.022Z [info]: Booking data fetched successfully for Booking ID:
2024-05-22T11:58:24.991Z [info]: Booking data updated successfully for Booking ID:
2024-05-22T11:58:26.039Z [info]: Booking data partially updated successfully for Booking ID:
2024-05-22T11:58:27.084Z [info]: Booking data deleted successfully for Booking ID:
2024-05-22T13:07:31.624Z [info]: Token generated successfully:
2024-05-22T13:07:32.371Z [info]: New booking created successfully, Booking ID:
2024-05-22T13:07:32.779Z [info]: New booking created successfully, Booking ID:
2024-05-22T13:07:33.889Z [info]: Booking IDs response body:
2024-05-22T13:07:34.066Z [info]: Booking IDs response body:
2024-05-22T13:07:35.157Z [info]: Booking data fetched successfully for Booking ID:
2024-05-22T13:07:35.163Z [info]: Booking data fetched successfully for Booking ID:
2024-05-22T13:07:36.231Z [info]: Booking data updated successfully for Booking ID:
2024-05-22T13:07:37.269Z [info]: Booking data partially updated successfully for Booking ID:
2024-05-22T13:07:38.336Z [info]: Booking data deleted successfully for Booking ID:
